2019-06-18 11:57:57,825 ERROR: Exception on /ingredients [GET] [in c:\python\git\microblog\winvenv\lib\site-packages\flask\app.py:1780]
Traceback (most recent call last):
  File "c:\python\git\microblog\winvenv\lib\site-packages\flask\app.py", line 2311, in wsgi_app
    response = self.full_dispatch_request()
  File "c:\python\git\microblog\winvenv\lib\site-packages\flask\app.py", line 1834, in full_dispatch_request
    rv = self.handle_user_exception(e)
  File "c:\python\git\microblog\winvenv\lib\site-packages\flask\app.py", line 1737, in handle_user_exception
    reraise(exc_type, exc_value, tb)
  File "c:\python\git\microblog\winvenv\lib\site-packages\flask\_compat.py", line 36, in reraise
    raise value
  File "c:\python\git\microblog\winvenv\lib\site-packages\flask\app.py", line 1832, in full_dispatch_request
    rv = self.dispatch_request()
  File "c:\python\git\microblog\winvenv\lib\site-packages\flask\app.py", line 1818, in dispatch_request
    return self.view_functions[rule.endpoint](**req.view_args)
  File "c:\python\git\microblog\winvenv\lib\site-packages\flask_login\utils.py", line 261, in decorated_view
    return func(*args, **kwargs)
  File "C:\Python\git\microblog\app\routes.py", line 213, in ingredients
    prev_url=prev_url)
  File "c:\python\git\microblog\winvenv\lib\site-packages\flask\templating.py", line 135, in render_template
    context, ctx.app)
  File "c:\python\git\microblog\winvenv\lib\site-packages\flask\templating.py", line 117, in _render
    rv = template.render(context)
  File "c:\python\git\microblog\winvenv\lib\site-packages\jinja2\asyncsupport.py", line 76, in render
    return original_render(self, *args, **kwargs)
  File "c:\python\git\microblog\winvenv\lib\site-packages\jinja2\environment.py", line 1008, in render
    return self.environment.handle_exception(exc_info, True)
  File "c:\python\git\microblog\winvenv\lib\site-packages\jinja2\environment.py", line 780, in handle_exception
    reraise(exc_type, exc_value, tb)
  File "c:\python\git\microblog\winvenv\lib\site-packages\jinja2\_compat.py", line 37, in reraise
    raise value.with_traceback(tb)
  File "C:\Python\git\microblog\app\templates\ingredients.html", line 2, in top-level template code
    {% import 'bootstrap/wtf.html' as wtf %}
  File "C:\Python\git\microblog\app\templates\base.html", line 1, in top-level template code
    {% extends 'bootstrap/base.html' %}
  File "c:\python\git\microblog\winvenv\lib\site-packages\flask_bootstrap\templates\bootstrap\base.html", line 1, in top-level template code
    {% block doc -%}
  File "c:\python\git\microblog\winvenv\lib\site-packages\flask_bootstrap\templates\bootstrap\base.html", line 4, in block "doc"
    {%- block html %}
  File "c:\python\git\microblog\winvenv\lib\site-packages\flask_bootstrap\templates\bootstrap\base.html", line 20, in block "html"
    {% block body -%}
  File "c:\python\git\microblog\winvenv\lib\site-packages\flask_bootstrap\templates\bootstrap\base.html", line 23, in block "body"
    {% block content -%}
  File "C:\Python\git\microblog\app\templates\base.html", line 48, in block "content"
    {% block app_content %}{% endblock %}
  File "C:\Python\git\microblog\app\templates\ingredients.html", line 7, in block "app_content"
    {{ wtf.quick_form(form) }}
  File "c:\python\git\microblog\winvenv\lib\site-packages\jinja2\runtime.py", line 579, in _invoke
    rv = self._func(*arguments)
  File "c:\python\git\microblog\winvenv\lib\site-packages\flask_bootstrap\templates\bootstrap\wtf.html", line 200, in template
    {{ form.hidden_tag() }}
  File "c:\python\git\microblog\winvenv\lib\site-packages\jinja2\environment.py", line 430, in getattr
    return getattr(obj, attribute)
jinja2.exceptions.UndefinedError: 'form' is undefined
2019-06-18 11:59:33,353 INFO: Microblog startup [in C:\Python\git\microblog\app\__init__.py:52]
2019-06-18 12:00:20,782 INFO: Microblog startup [in C:\Python\git\microblog\app\__init__.py:52]
2019-06-18 12:02:05,485 INFO: Microblog startup [in C:\Python\git\microblog\app\__init__.py:52]
2019-06-18 12:02:36,307 INFO: Microblog startup [in C:\Python\git\microblog\app\__init__.py:52]
